  WiimoteCHOP.cpp
  WiimoteConnector.cpp
c:\Users\grifu\Documents\Touchdesigner\wiimoteCHOP-master\WiimoteConnector.cpp(142,13): warning C4101: 'connected': unreferenced local variable
c:\Users\grifu\Documents\Touchdesigner\wiimoteCHOP-master\WiimoteConnector.cpp(142,6): warning C4101: 'found': unreferenced local variable
c:\Users\grifu\Documents\Touchdesigner\wiimoteCHOP-master\WiimoteConnector.cpp(457,31): warning C4244: '=': conversion from 'unsigned int' to '_Ty', possible loss of data
          with
          [
              _Ty=float
          ]
c:\Users\grifu\Documents\Touchdesigner\wiimoteCHOP-master\WiimoteConnector.cpp(458,33): warning C4244: '=': conversion from 'unsigned int' to '_Ty', possible loss of data
          with
          [
              _Ty=float
          ]
c:\Users\grifu\Documents\Touchdesigner\wiimoteCHOP-master\WiimoteConnector.cpp(468,21): warning C4244: '=': conversion from 'int' to '_Ty', possible loss of data
          with
          [
              _Ty=float
          ]
c:\Users\grifu\Documents\Touchdesigner\wiimoteCHOP-master\WiimoteConnector.cpp(469,21): warning C4244: '=': conversion from 'int' to '_Ty', possible loss of data
          with
          [
              _Ty=float
          ]
     Creating library C:\Users\grifu\Documents\Touchdesigner\wiimoteCHOP-master\Release\wiimoteCHOP.lib and object C:\Users\grifu\Documents\Touchdesigner\wiimoteCHOP-master\Release\wiimoteCHOP.exp
  Generating code
  308 of 316 functions (97.5%) were compiled, the rest were copied from previous compilation.
    27 functions were new in current compilation
    1 functions had inline decision re-evaluated but remain unchanged
  Finished generating code
  WiimoteCHOP.vcxproj -> C:\Users\grifu\Documents\Touchdesigner\wiimoteCHOP-master\Release\wiimoteCHOP.dll
